[debug] [2025-12-25T05:17:51.757Z] ----------------------------------------------------------------------
[debug] [2025-12-25T05:17:51.771Z] Command:       C:\Program Files\nodejs\node.exe C:\Users\Alankrit Jain\AppData\Roaming\npm\node_modules\firebase-tools\lib\bin\firebase.js deploy
[debug] [2025-12-25T05:17:51.771Z] CLI Version:   15.1.0
[debug] [2025-12-25T05:17:51.772Z] Platform:      win32
[debug] [2025-12-25T05:17:51.772Z] Node Version:  v22.19.0
[debug] [2025-12-25T05:17:51.772Z] Time:          Thu Dec 25 2025 10:47:51 GMT+0530 (India Standard Time)
[debug] [2025-12-25T05:17:51.773Z] ----------------------------------------------------------------------
[debug] 
[debug] [2025-12-25T05:17:51.775Z] >>> [apiv2][query] GET https://firebase-public.firebaseio.com/cli.json [none]
[debug] [2025-12-25T05:17:56.588Z] > command requires scopes: ["email","openid","https://www.googleapis.com/auth/cloudplatformprojects.readonly","https://www.googleapis.com/auth/firebase","https://www.googleapis.com/auth/cloud-platform"]
[debug] [2025-12-25T05:17:56.588Z] > authorizing via signed-in user (amit.jain@vidyaasarthi.com)
[debug] [2025-12-25T05:17:56.588Z] [iam] checking project vidyaa-sarthi-website for permissions ["firebase.projects.get","firebasehosting.sites.update"]
[debug] [2025-12-25T05:17:56.589Z] Checked if tokens are valid: false, expires at: 1766552398947
[debug] [2025-12-25T05:17:56.589Z] Checked if tokens are valid: false, expires at: 1766552398947
[debug] [2025-12-25T05:17:56.589Z] > refreshing access token with scopes: []
[debug] [2025-12-25T05:17:56.591Z] >>> [apiv2][query] POST https://www.googleapis.com/oauth2/v3/token [none]
[debug] [2025-12-25T05:17:56.591Z] >>> [apiv2][body] POST https://www.googleapis.com/oauth2/v3/token [omitted]
[debug] [2025-12-25T05:17:56.840Z] <<< [apiv2][status] POST https://www.googleapis.com/oauth2/v3/token 400
[debug] [2025-12-25T05:17:56.841Z] <<< [apiv2][body] POST https://www.googleapis.com/oauth2/v3/token [omitted]
[error] Authentication Error: Your credentials are no longer valid. Please run firebase login --reauth

For CI servers and headless environments, generate a new token with firebase login:ci
[error] Authentication Error: Your credentials are no longer valid. Please run firebase login --reauth

For CI servers and headless environments, generate a new token with firebase login:ci
[debug] [2025-12-25T05:17:56.842Z] [iam] error while checking permissions, command may fail: Authentication Error: Your credentials are no longer valid. Please run firebase login --reauth

For CI servers and headless environments, generate a new token with firebase login:ci
[debug] [2025-12-25T05:17:56.843Z] Checked if tokens are valid: false, expires at: 1766552398947
[debug] [2025-12-25T05:17:56.844Z] Checked if tokens are valid: false, expires at: 1766552398947
[debug] [2025-12-25T05:17:56.844Z] > refreshing access token with scopes: []
[debug] [2025-12-25T05:17:56.844Z] >>> [apiv2][query] POST https://www.googleapis.com/oauth2/v3/token [none]
[debug] [2025-12-25T05:17:56.844Z] >>> [apiv2][body] POST https://www.googleapis.com/oauth2/v3/token [omitted]
[debug] [2025-12-25T05:17:56.970Z] <<< [apiv2][status] POST https://www.googleapis.com/oauth2/v3/token 400
[debug] [2025-12-25T05:17:56.970Z] <<< [apiv2][body] POST https://www.googleapis.com/oauth2/v3/token [omitted]
[error] Authentication Error: Your credentials are no longer valid. Please run firebase login --reauth

For CI servers and headless environments, generate a new token with firebase login:ci
[error] Authentication Error: Your credentials are no longer valid. Please run firebase login --reauth

For CI servers and headless environments, generate a new token with firebase login:ci
[debug] [2025-12-25T05:17:56.971Z] Authentication Error: Your credentials are no longer valid. Please run firebase login --reauth

For CI servers and headless environments, generate a new token with firebase login:ci
[error] 
[error] Error: Assertion failed: resolving hosting target of a site with no site name or target name. This should have caused an error earlier
[debug] [2025-12-25T05:17:57.321Z] <<< [apiv2][status] GET https://firebase-public.firebaseio.com/cli.json 200
[debug] [2025-12-25T05:17:57.321Z] <<< [apiv2][body] GET https://firebase-public.firebaseio.com/cli.json {"cloudBuildErrorAfter":1594252800000,"cloudBuildWarnAfter":1590019200000,"defaultNode10After":1594252800000,"minVersion":"3.0.5","node8DeploysDisabledAfter":1613390400000,"node8RuntimeDisabledAfter":1615809600000,"node8WarnAfter":1600128000000}
